<?xml version="1.0" encoding="UTF-8"?>
<!-- Generated by org.testng.reporters.JUnitReportReporter -->
<testsuite skipped="0" hostname="ip-172-31-18-68" name="log4j.Log4jCreateUser" tests="2" failures="0" timestamp="2022-11-02T10:20:08 UTC" time="2.260" errors="0">
  <testcase name="CreatePostData" time="0.307" classname="log4j.Log4jCreateUser"/>
  <system-out/>
  <testcase name="CreateUser" time="1.953" classname="log4j.Log4jCreateUser"/>
  <system-out/>
</testsuite> <!-- log4j.Log4jCreateUser -->
