<?xml version="1.0" encoding="UTF-8"?>
<!-- Generated by org.testng.reporters.JUnitReportReporter -->
<testsuite skipped="0" hostname="ip-172-31-18-68" name="log4j.Log4jCreateUser" tests="2" failures="0" timestamp="2022-11-02T08:48:26 UTC" time="2.433" errors="0">
  <testcase name="CreatePostData" time="0.308" classname="log4j.Log4jCreateUser"/>
  <system-out/>
  <testcase name="CreateUser" time="2.125" classname="log4j.Log4jCreateUser"/>
  <system-out/>
</testsuite> <!-- log4j.Log4jCreateUser -->
