<?xml version="1.0" encoding="UTF-8"?>
<!-- Generated by org.testng.reporters.JUnitReportReporter -->
<testsuite skipped="0" hostname="ip-172-31-18-68" name="goRest.GetUser" tests="1" failures="0" timestamp="2022-10-31T20:44:03 UTC" time="1.968" errors="0">
  <testcase name="getUser" time="1.968" classname="goRest.GetUser"/>
  <system-out/>
</testsuite> <!-- goRest.GetUser -->
