<?xml version="1.0" encoding="UTF-8"?>
<!-- Generated by org.testng.reporters.JUnitReportReporter -->
<testsuite skipped="0" hostname="ip-172-31-18-68" name="goRest.CreateUser" tests="1" failures="0" timestamp="2022-10-31T20:41:37 UTC" time="1.769" errors="0">
  <testcase name="postData" time="1.769" classname="goRest.CreateUser"/>
  <system-out/>
</testsuite> <!-- goRest.CreateUser -->
